\BOOKMARK [0][-]{chapter.1}{\376\377\000I\000n\000t\000r\000o\000d\000u\000c\000t\000i\000o\000n}{}% 1
\BOOKMARK [1][-]{section.1.1}{\376\377\000W\000h\000a\000t\000\040\000i\000s\000\040\000H\000D\000L\000R\000e\000g\000r\000e\000s\000s\000i\000o\000n}{chapter.1}% 2
\BOOKMARK [1][-]{section.1.2}{\376\377\000W\000h\000a\000t\000\040\000i\000s\000\040\000r\000e\000g\000r\000e\000s\000s\000i\000o\000n\000\040\000t\000e\000s\000t\000i\000n\000g}{chapter.1}% 3
\BOOKMARK [1][-]{section.1.3}{\376\377\000T\000e\000r\000m\000i\000n\000o\000l\000o\000g\000y}{chapter.1}% 4
\BOOKMARK [2][-]{subsection.1.3.1}{\376\377\000T\000e\000s\000t\000b\000e\000n\000c\000h}{section.1.3}% 5
\BOOKMARK [2][-]{subsection.1.3.2}{\376\377\000T\000e\000s\000t\000\040\000s\000e\000q\000u\000e\000n\000c\000e\000r}{section.1.3}% 6
\BOOKMARK [2][-]{subsection.1.3.3}{\376\377\000T\000e\000s\000t\000-\000h\000a\000r\000n\000e\000s\000s}{section.1.3}% 7
\BOOKMARK [2][-]{subsection.1.3.4}{\376\377\000T\000e\000s\000t\000\040\000s\000u\000i\000t\000e}{section.1.3}% 8
\BOOKMARK [2][-]{subsection.1.3.5}{\376\377\000T\000e\000s\000t\000c\000a\000s\000e}{section.1.3}% 9
\BOOKMARK [2][-]{subsection.1.3.6}{\376\377\000T\000e\000s\000t\000\040\000g\000r\000o\000u\000p}{section.1.3}% 10
\BOOKMARK [0][-]{chapter.2}{\376\377\000U\000s\000a\000g\000e}{}% 11
\BOOKMARK [0][-]{chapter.3}{\376\377\000I\000n\000s\000t\000a\000l\000l\000a\000t\000i\000o\000n}{}% 12
\BOOKMARK [1][-]{section.3.1}{\376\377\000S\000e\000t\000u\000p\000\040\000s\000c\000r\000i\000p\000t}{chapter.3}% 13
\BOOKMARK [2][-]{subsection.3.1.1}{\376\377\000U\000n\000i\000n\000s\000t\000a\000l\000l}{section.3.1}% 14
\BOOKMARK [1][-]{section.3.2}{\376\377\000P\000y\000t\000h\000o\000n\000\040\000P\000A\000T\000H}{chapter.3}% 15
\BOOKMARK [0][-]{chapter.4}{\376\377\000A\000p\000p\000l\000i\000c\000a\000t\000i\000o\000n\000\040\000P\000r\000o\000g\000r\000a\000m\000m\000i\000n\000g\000\040\000I\000n\000t\000e\000r\000f\000a\000c\000e\000\040\000\050\000A\000P\000I\000\051}{}% 16
\BOOKMARK [1][-]{section.4.1}{\376\377\000H\000D\000L\000R\000e\000g\000r\000e\000s\000s\000i\000o\000n\000\050\000\051}{chapter.4}% 17
\BOOKMARK [1][-]{section.4.2}{\376\377\000B\000a\000s\000i\000c\000\040\000m\000e\000t\000h\000o\000d\000s}{chapter.4}% 18
\BOOKMARK [2][-]{subsection.4.2.1}{\376\377\000a\000d\000d\000\137\000f\000i\000l\000e\000s\000\050\000\051}{section.4.2}% 19
\BOOKMARK [2][-]{subsection.4.2.2}{\376\377\000s\000e\000t\000\137\000l\000i\000b\000r\000a\000r\000y\000\050\000\051}{section.4.2}% 20
\BOOKMARK [2][-]{subsection.4.2.3}{\376\377\000s\000t\000a\000r\000t\000\050\000\051}{section.4.2}% 21
\BOOKMARK [1][-]{section.4.3}{\376\377\000A\000d\000v\000a\000n\000c\000e\000d\000\040\000m\000e\000t\000h\000o\000d\000s}{chapter.4}% 22
\BOOKMARK [2][-]{subsection.4.3.1}{\376\377\000a\000d\000d\000\137\000g\000e\000n\000e\000r\000i\000c\000s\000\050\000\051}{section.4.3}% 23
\BOOKMARK [2][-]{subsection.4.3.2}{\376\377\000a\000d\000d\000\137\000p\000r\000e\000c\000o\000m\000p\000i\000l\000e\000d\000\137\000l\000i\000b\000r\000a\000r\000y\000\050\000\051}{section.4.3}% 24
\BOOKMARK [2][-]{subsection.4.3.3}{\376\377\000a\000d\000d\000\137\000t\000e\000s\000t\000c\000a\000s\000e\000\050\000\051}{section.4.3}% 25
\BOOKMARK [2][-]{subsection.4.3.4}{\376\377\000a\000d\000d\000\137\000t\000o\000\137\000t\000e\000s\000t\000g\000r\000o\000u\000p\000\050\000\051}{section.4.3}% 26
\BOOKMARK [2][-]{subsection.4.3.5}{\376\377\000c\000o\000m\000p\000i\000l\000e\000\137\000u\000v\000v\000m\000\050\000\051}{section.4.3}% 27
\BOOKMARK [2][-]{subsection.4.3.6}{\376\377\000c\000o\000m\000p\000i\000l\000e\000\137\000o\000s\000v\000v\000m\000\050\000\051}{section.4.3}% 28
\BOOKMARK [2][-]{subsection.4.3.7}{\376\377\000c\000o\000n\000f\000i\000g\000u\000r\000e\000\137\000l\000i\000b\000r\000a\000r\000y\000\050\000\051}{section.4.3}% 29
\BOOKMARK [2][-]{subsection.4.3.8}{\376\377\000g\000e\000n\000\137\000r\000e\000p\000o\000r\000t\000\050\000\051}{section.4.3}% 30
\BOOKMARK [2][-]{subsection.4.3.9}{\376\377\000r\000e\000m\000o\000v\000e\000\137\000f\000i\000l\000e\000\050\000\051}{section.4.3}% 31
\BOOKMARK [2][-]{subsection.4.3.10}{\376\377\000s\000e\000t\000\137\000c\000o\000d\000e\000\137\000c\000o\000v\000e\000r\000a\000g\000e\000\050\000\051}{section.4.3}% 32
\BOOKMARK [2][-]{subsection.4.3.11}{\376\377\000s\000e\000t\000\137\000d\000e\000p\000e\000n\000d\000e\000n\000c\000y\000\050\000\051}{section.4.3}% 33
\BOOKMARK [2][-]{subsection.4.3.12}{\376\377\000s\000e\000t\000\137\000r\000e\000s\000u\000l\000t\000\137\000c\000h\000e\000c\000k\000\137\000s\000t\000r\000i\000n\000g\000\050\000\051}{section.4.3}% 34
\BOOKMARK [2][-]{subsection.4.3.13}{\376\377\000s\000e\000t\000\137\000s\000i\000m\000u\000l\000a\000t\000o\000r\000\050\000\051}{section.4.3}% 35
\BOOKMARK [2][-]{subsection.4.3.14}{\376\377\000s\000e\000t\000\137\000t\000e\000s\000t\000c\000a\000s\000e\000\137\000i\000d\000e\000n\000t\000i\000f\000i\000e\000r\000\137\000n\000a\000m\000e\000\050\000\051}{section.4.3}% 36
\BOOKMARK [2][-]{subsection.4.3.15}{\376\377\000r\000u\000n\000\137\000c\000o\000m\000m\000a\000n\000d\000\050\000\051}{section.4.3}% 37
\BOOKMARK [2][-]{subsection.4.3.16}{\376\377\000g\000e\000t\000\137\000a\000r\000g\000s\000\050\000\051}{section.4.3}% 38
\BOOKMARK [1][-]{section.4.4}{\376\377\000S\000t\000a\000t\000i\000s\000t\000i\000c\000a\000l\000\040\000m\000e\000t\000h\000o\000d\000s}{chapter.4}% 39
\BOOKMARK [2][-]{subsection.4.4.1}{\376\377\000g\000e\000t\000\137\000r\000e\000s\000u\000l\000t\000s\000\050\000\051}{section.4.4}% 40
\BOOKMARK [2][-]{subsection.4.4.2}{\376\377\000g\000e\000t\000\137\000n\000u\000m\000\137\000t\000e\000s\000t\000s\000\137\000r\000u\000n\000\050\000\051}{section.4.4}% 41
\BOOKMARK [2][-]{subsection.4.4.3}{\376\377\000g\000e\000t\000\137\000n\000u\000m\000\137\000p\000a\000s\000s\000\137\000t\000e\000s\000t\000s\000\050\000\051}{section.4.4}% 42
\BOOKMARK [2][-]{subsection.4.4.4}{\376\377\000g\000e\000t\000\137\000n\000u\000m\000\137\000f\000a\000i\000l\000\137\000t\000e\000s\000t\000s\000\050\000\051}{section.4.4}% 43
\BOOKMARK [2][-]{subsection.4.4.5}{\376\377\000g\000e\000t\000\137\000n\000u\000m\000\137\000p\000a\000s\000s\000\137\000w\000i\000t\000h\000\137\000m\000i\000n\000o\000r\000\137\000a\000l\000e\000r\000t\000\137\000t\000e\000s\000t\000s\000\050\000\051}{section.4.4}% 44
\BOOKMARK [0][-]{chapter.5}{\376\377\000C\000o\000m\000m\000a\000n\000d\000\040\000L\000i\000n\000e\000\040\000I\000n\000t\000e\000r\000f\000a\000c\000e\000\040\000\050\000C\000L\000I\000\051}{}% 45
\BOOKMARK [1][-]{section.5.1}{\376\377\000E\000x\000a\000m\000p\000l\000e\000s}{chapter.5}% 46
\BOOKMARK [2][-]{subsection.5.1.1}{\376\377\000F\000u\000l\000l\000\040\000r\000e\000g\000r\000e\000s\000s\000i\000o\000n}{section.5.1}% 47
\BOOKMARK [2][-]{subsection.5.1.2}{\376\377\000T\000e\000s\000t\000c\000a\000s\000e\000s}{section.5.1}% 48
\BOOKMARK [2][-]{subsection.5.1.3}{\376\377\000T\000e\000s\000t\000\040\000g\000r\000o\000u\000p\000s}{section.5.1}% 49
\BOOKMARK [3][-]{subsubsection*.3}{\376\377\000D\000e\000f\000i\000n\000i\000n\000g\000\040\000t\000e\000s\000t\000\040\000g\000r\000o\000u\000p\000s}{subsection.5.1.3}% 50
\BOOKMARK [3][-]{subsubsection*.4}{\376\377\000L\000i\000s\000t\000i\000n\000g\000\040\000t\000e\000s\000t\000\040\000g\000r\000o\000u\000p\000s}{subsection.5.1.3}% 51
\BOOKMARK [3][-]{subsubsection*.5}{\376\377\000R\000u\000n\000n\000i\000n\000g\000\040\000t\000e\000s\000t\000\040\000g\000r\000o\000u\000p\000s}{subsection.5.1.3}% 52
\BOOKMARK [1][-]{section.5.2}{\376\377\000T\000h\000r\000e\000a\000d\000i\000n\000g}{chapter.5}% 53
\BOOKMARK [2][-]{subsection.5.2.1}{\376\377\000S\000e\000q\000u\000e\000n\000t\000i\000a\000l}{section.5.2}% 54
\BOOKMARK [2][-]{subsection.5.2.2}{\376\377\000P\000r\000e\000-\000p\000r\000o\000c\000e\000s\000s\000i\000n\000g\000\040\000i\000n\000\040\000p\000a\000r\000a\000l\000l\000e\000l\000,\000\040\000s\000i\000m\000u\000l\000a\000t\000i\000o\000n\000s\000\040\000s\000e\000q\000u\000e\000n\000t\000i\000a\000l\000l\000y}{section.5.2}% 55
\BOOKMARK [2][-]{subsection.5.2.3}{\376\377\000P\000r\000e\000-\000p\000r\000o\000c\000e\000s\000s\000i\000n\000g\000\040\000a\000n\000d\000\040\000s\000i\000m\000u\000l\000a\000t\000i\000o\000n\000s\000\040\000i\000n\000\040\000p\000a\000r\000a\000l\000l\000e\000l\000\040\000u\000s\000i\000n\000g\000\040\0001\0000\000\040\000t\000h\000r\000e\000a\000d\000s}{section.5.2}% 56
\BOOKMARK [1][-]{section.5.3}{\376\377\000S\000i\000m\000u\000l\000a\000t\000i\000o\000n\000\040\000r\000e\000s\000u\000l\000t\000s}{chapter.5}% 57
\BOOKMARK [2][-]{subsection.5.3.1}{\376\377\000R\000e\000g\000r\000e\000s\000s\000i\000o\000n\000\040\000i\000n\000i\000t\000i\000a\000l\000\040\000r\000u\000n}{section.5.3}% 58
\BOOKMARK [2][-]{subsection.5.3.2}{\376\377\000R\000e\000g\000r\000e\000s\000s\000i\000o\000n\000\040\000r\000u\000n\000\040\000w\000i\000t\000h\000o\000u\000t\000\040\000c\000h\000a\000n\000g\000e\000s}{section.5.3}% 59
\BOOKMARK [2][-]{subsection.5.3.3}{\376\377\000F\000a\000i\000l\000i\000n\000g\000\040\000t\000e\000s\000t\000c\000a\000s\000e\000\040\000r\000u\000n}{section.5.3}% 60
\BOOKMARK [0][-]{chapter.6}{\376\377\000G\000r\000a\000p\000h\000i\000c\000a\000l\000\040\000U\000s\000e\000r\000\040\000I\000n\000t\000e\000r\000f\000a\000c\000e\000\040\000\050\000G\000U\000I\000\051}{}% 61
\BOOKMARK [1][-]{section.6.1}{\376\377\000M\000o\000d\000e\000l\000s\000i\000m}{chapter.6}% 62
\BOOKMARK [1][-]{section.6.2}{\376\377\000G\000H\000D\000L}{chapter.6}% 63
\BOOKMARK [0][-]{chapter.7}{\376\377\000T\000e\000s\000t\000b\000e\000n\000c\000h}{}% 64
\BOOKMARK [1][-]{section.7.1}{\376\377\000P\000r\000e\000r\000e\000q\000u\000i\000s\000i\000t\000e\000s}{chapter.7}% 65
\BOOKMARK [1][-]{section.7.2}{\376\377\000E\000x\000a\000m\000p\000l\000e\000\040\000T\000e\000s\000t\000b\000e\000n\000c\000h}{chapter.7}% 66
\BOOKMARK [0][-]{chapter.8}{\376\377\000T\000e\000m\000p\000l\000a\000t\000e\000\040\000f\000i\000l\000e\000s}{}% 67
\BOOKMARK [1][-]{section.8.1}{\376\377\000B\000a\000s\000i\000c\000\040\000u\000s\000a\000g\000e}{chapter.8}% 68
\BOOKMARK [2][-]{subsection.8.1.1}{\376\377\000B\000a\000s\000i\000c\000\040\000e\000x\000a\000m\000p\000l\000e}{section.8.1}% 69
\BOOKMARK [1][-]{section.8.2}{\376\377\000A\000d\000v\000a\000n\000c\000e\000d\000\040\000u\000s\000a\000g\000e}{chapter.8}% 70
\BOOKMARK [2][-]{subsection.8.2.1}{\376\377\000A\000d\000v\000a\000n\000c\000e\000d\000\040\000e\000x\000a\000m\000p\000l\000e}{section.8.2}% 71
\BOOKMARK [2][-]{subsection.8.2.2}{\376\377\000R\000T\000L\000\040\000a\000n\000d\000\040\000N\000e\000t\000l\000i\000s\000t\000\040\000s\000c\000r\000i\000p\000t\000\040\000e\000x\000a\000m\000p\000l\000e}{section.8.2}% 72
\BOOKMARK [0][-]{chapter.9}{\376\377\000T\000e\000s\000t\000\040\000A\000u\000t\000o\000m\000a\000t\000i\000o\000n\000\040\000S\000e\000r\000v\000e\000r}{}% 73
\BOOKMARK [0][-]{chapter.10}{\376\377\000G\000e\000n\000e\000r\000a\000t\000e\000d\000\040\000o\000u\000t\000p\000u\000t}{}% 74
\BOOKMARK [1][-]{section.10.1}{\376\377\000T\000e\000s\000t\000\040\000f\000o\000l\000d\000e\000r}{chapter.10}% 75
\BOOKMARK [2][-]{subsection.10.1.1}{\376\377\000T\000e\000s\000t\000\040\000m\000a\000p\000p\000i\000n\000g}{section.10.1}% 76
\BOOKMARK [0][-]{chapter.11}{\376\377\000T\000i\000p\000s}{}% 77
\BOOKMARK [1][-]{section.11.1}{\376\377\000B\000a\000c\000k\000\040\000a\000n\000n\000o\000t\000a\000t\000e\000d\000\040\000n\000e\000t\000l\000i\000s\000t\000\040\000s\000i\000m\000u\000l\000a\000t\000i\000o\000n\000s}{chapter.11}% 78
\BOOKMARK [2][-]{subsection.11.1.1}{\376\377\000R\000e\000g\000r\000e\000s\000s\000i\000o\000n\000\040\000s\000c\000r\000i\000p\000t}{section.11.1}% 79
